0 verbose cli /usr/bin/node /usr/bin/npm
1 info using npm@10.8.2
2 info using node@v18.20.5
3 silly config load:file:/usr/lib/node_modules/npm/npmrc
4 silly config load:file:/home/ubuntu/test/.npmrc
5 silly config load:file:/home/ubuntu/.npmrc
6 silly config load:file:/usr/etc/npmrc
7 verbose title npm install mysql2
8 verbose argv "install" "mysql2"
9 verbose logfile logs-max:10 dir:/home/ubuntu/.npm/_logs/2024-11-29T12_34_28_403Z-
10 verbose logfile /home/ubuntu/.npm/_logs/2024-11-29T12_34_28_403Z-debug-0.log
11 silly packumentCache heap:514588672 maxSize:128647168 maxEntrySize:64323584
12 silly logfile done cleaning log files
13 silly idealTree buildDeps
14 silly fetch manifest mysql2@^3.11.4
15 silly packumentCache full:https://registry.npmjs.org/mysql2 cache-miss
16 verbose shrinkwrap failed to load node_modules/.package-lock.json out of date, updated: node_modules
17 http fetch GET 200 https://registry.npmjs.org/npm 257ms
18 http fetch GET 200 https://registry.npmjs.org/mysql2 232ms (cache miss)
19 silly packumentCache full:https://registry.npmjs.org/mysql2 set size:undefined disposed:false
20 silly placeDep ROOT mysql2@3.11.5 REPLACE for: test@1.0.0 want: ^3.11.4
21 silly reify mark retired [ '/home/ubuntu/test/node_modules/mysql2' ]
22 silly reify moves {
22 silly reify   '/home/ubuntu/test/node_modules/mysql2': '/home/ubuntu/test/node_modules/.mysql2-pak3ZaZZ'
22 silly reify }
23 silly audit bulk request {
23 silly audit   accepts: [ '1.3.8' ],
23 silly audit   anymatch: [ '3.1.3' ],
23 silly audit   'array-flatten': [ '1.1.1' ],
23 silly audit   'aws-ssl-profiles': [ '1.1.2' ],
23 silly audit   'balanced-match': [ '1.0.2' ],
23 silly audit   bcryptjs: [ '2.4.3' ],
23 silly audit   'binary-extensions': [ '2.3.0' ],
23 silly audit   'body-parser': [ '1.20.3' ],
23 silly audit   'brace-expansion': [ '1.1.11' ],
23 silly audit   braces: [ '3.0.3' ],
23 silly audit   bytes: [ '3.1.2' ],
23 silly audit   'call-bind': [ '1.0.7' ],
23 silly audit   chokidar: [ '3.6.0' ],
23 silly audit   'concat-map': [ '0.0.1' ],
23 silly audit   'content-disposition': [ '0.5.4' ],
23 silly audit   'content-type': [ '1.0.5' ],
23 silly audit   cookie: [ '0.7.1', '0.7.2' ],
23 silly audit   'cookie-signature': [ '1.0.6', '1.0.7' ],
23 silly audit   cors: [ '2.8.5' ],
23 silly audit   crypto: [ '1.0.1' ],
23 silly audit   'crypto-js': [ '4.2.0' ],
23 silly audit   debug: [ '2.6.9', '4.3.7' ],
23 silly audit   'define-data-property': [ '1.1.4' ],
23 silly audit   denque: [ '2.1.0' ],
23 silly audit   depd: [ '2.0.0' ],
23 silly audit   destroy: [ '1.2.0' ],
23 silly audit   'ee-first': [ '1.1.1' ],
23 silly audit   encodeurl: [ '2.0.0', '1.0.2' ],
23 silly audit   'es-define-property': [ '1.0.0' ],
23 silly audit   'es-errors': [ '1.3.0' ],
23 silly audit   'escape-html': [ '1.0.3' ],
23 silly audit   etag: [ '1.8.1' ],
23 silly audit   express: [ '4.21.1' ],
23 silly audit   'express-session': [ '1.18.1' ],
23 silly audit   'fill-range': [ '7.1.1' ],
23 silly audit   finalhandler: [ '1.3.1' ],
23 silly audit   forwarded: [ '0.2.0' ],
23 silly audit   fresh: [ '0.5.2' ],
23 silly audit   fsevents: [ '2.3.3' ],
23 silly audit   'function-bind': [ '1.1.2' ],
23 silly audit   'generate-function': [ '2.3.1' ],
23 silly audit   'get-intrinsic': [ '1.2.4' ],
23 silly audit   'glob-parent': [ '5.1.2' ],
23 silly audit   gopd: [ '1.0.1' ],
23 silly audit   'has-flag': [ '3.0.0' ],
23 silly audit   'has-property-descriptors': [ '1.0.2' ],
23 silly audit   'has-proto': [ '1.0.3' ],
23 silly audit   'has-symbols': [ '1.0.3' ],
23 silly audit   hasown: [ '2.0.2' ],
23 silly audit   'http-errors': [ '2.0.0' ],
23 silly audit   'iconv-lite': [ '0.4.24', '0.6.3' ],
23 silly audit   'ignore-by-default': [ '1.0.1' ],
23 silly audit   inherits: [ '2.0.4' ],
23 silly audit   'ipaddr.js': [ '1.9.1' ],
23 silly audit   'is-binary-path': [ '2.1.0' ],
23 silly audit   'is-extglob': [ '2.1.1' ],
23 silly audit   'is-glob': [ '4.0.3' ],
23 silly audit   'is-number': [ '7.0.0' ],
23 silly audit   'is-property': [ '1.0.2' ],
23 silly audit   long: [ '5.2.3' ],
23 silly audit   'lru-cache': [ '7.18.3' ],
23 silly audit   'lru.min': [ '1.1.1' ],
23 silly audit   'media-typer': [ '0.3.0' ],
23 silly audit   'merge-descriptors': [ '1.0.3' ],
23 silly audit   methods: [ '1.1.2' ],
23 silly audit   mime: [ '1.6.0' ],
23 silly audit   'mime-db': [ '1.52.0' ],
23 silly audit   'mime-types': [ '2.1.35' ],
23 silly audit   minimatch: [ '3.1.2' ],
23 silly audit   ms: [ '2.0.0', '2.1.3' ],
23 silly audit   'named-placeholders': [ '1.1.3' ],
23 silly audit   negotiator: [ '0.6.3' ],
23 silly audit   nodemon: [ '3.1.7' ],
23 silly audit   'normalize-path': [ '3.0.0' ],
23 silly audit   'object-assign': [ '4.1.1' ],
23 silly audit   'object-inspect': [ '1.13.3' ],
23 silly audit   'on-finished': [ '2.4.1' ],
23 silly audit   'on-headers': [ '1.0.2' ],
23 silly audit   parseurl: [ '1.3.3' ],
23 silly audit   'path-to-regexp': [ '0.1.10' ],
23 silly audit   picomatch: [ '2.3.1' ],
23 silly audit   'proxy-addr': [ '2.0.7' ],
23 silly audit   'pstree.remy': [ '1.1.8' ],
23 silly audit   qs: [ '6.13.0' ],
23 silly audit   'random-bytes': [ '1.0.0' ],
23 silly audit   'range-parser': [ '1.2.1' ],
23 silly audit   'raw-body': [ '2.5.2' ],
23 silly audit   readdirp: [ '3.6.0' ],
23 silly audit   'safe-buffer': [ '5.2.1' ],
23 silly audit   'safer-buffer': [ '2.1.2' ],
23 silly audit   semver: [ '7.6.3' ],
23 silly audit   send: [ '0.19.0' ],
23 silly audit   'seq-queue': [ '0.0.5' ],
23 silly audit   'serve-static': [ '1.16.2' ],
23 silly audit   'set-function-length': [ '1.2.2' ],
23 silly audit   setprototypeof: [ '1.2.0' ],
23 silly audit   'side-channel': [ '1.0.6' ],
23 silly audit   'simple-update-notifier': [ '2.0.0' ],
23 silly audit   sqlstring: [ '2.3.3' ],
23 silly audit   statuses: [ '2.0.1' ],
23 silly audit   'supports-color': [ '5.5.0' ],
23 silly audit   'to-regex-range': [ '5.0.1' ],
23 silly audit   toidentifier: [ '1.0.1' ],
23 silly audit   touch: [ '3.1.1' ],
23 silly audit   'type-is': [ '1.6.18' ],
23 silly audit   'uid-safe': [ '2.1.5' ],
23 silly audit   undefsafe: [ '2.0.5' ],
23 silly audit   unpipe: [ '1.0.0' ],
23 silly audit   'utils-merge': [ '1.0.1' ],
23 silly audit   vary: [ '1.1.2' ],
23 silly audit   mysql2: [ '3.11.5' ]
23 silly audit }
24 verbose reify failed optional dependency /home/ubuntu/test/node_modules/fsevents
25 silly reify mark deleted [ '/home/ubuntu/test/node_modules/fsevents' ]
26 silly tarball no local data for mysql2@https://registry.npmjs.org/mysql2/-/mysql2-3.11.5.tgz. Extracting by manifest.
27 http fetch POST 200 https://registry.npmjs.org/-/npm/v1/security/advisories/bulk 92ms
28 silly audit report {}
29 http fetch GET 200 https://registry.npmjs.org/mysql2/-/mysql2-3.11.5.tgz 118ms (cache miss)
30 silly ADD
31 silly CHANGE node_modules/mysql2
32 verbose cwd /home/ubuntu/test/js
33 verbose os Linux 6.8.0-1016-aws
34 verbose node v18.20.5
35 verbose npm  v10.8.2
36 notice
36 notice New [33mminor[39m version of npm available! [33m10.8.2[39m -> [34m10.9.1[39m
36 notice Changelog: [34mhttps://github.com/npm/cli/releases/tag/v10.9.1[39m
36 notice To update run: [4mnpm install -g npm@10.9.1[24m
36 notice  { force: true, [Symbol(proc-log.meta)]: true }
37 verbose exit 0
38 info ok
